<?xml version="1.0" encoding="UTF-8"?>
<!-- Generated by org.testng.reporters.JUnitXMLReporter -->
<testsuite hostname="JKTDKLS008" ignored="0" name="Default test" tests="3" failures="0" timestamp="08 Aug 2017 09:14:36 GMT" time="0.016" errors="0">
  <testcase name="setData" time="0.0" classname="datadriventesting.ReadingData1"/>
  <testcase name="setData" time="0.0" classname="datadriventesting.ReadingData1"/>
  <testcase name="setData" time="0.0" classname="datadriventesting.ReadingData1"/>
</testsuite> <!-- Default test -->
