<?xml version="1.0" encoding="UTF-8"?>
<testng-results skipped="0" failed="0" ignored="0" total="1" passed="1">
  <reporter-output>
  </reporter-output>
  <suite name="Default suite" duration-ms="96749" started-at="2017-07-21T05:37:55Z" finished-at="2017-07-21T05:39:32Z">
    <groups>
    </groups>
    <test name="Default test" duration-ms="96749" started-at="2017-07-21T05:37:55Z" finished-at="2017-07-21T05:39:32Z">
      <class name="pack.com.AutomationTC1">
        <test-method status="PASS" signature="test1()[pri:0, instance:pack.com.AutomationTC1@32e6e9c3]" name="test1" duration-ms="96749" started-at="2017-07-21T11:07:55Z" finished-at="2017-07-21T11:09:32Z">
          <reporter-output>
          </reporter-output>
        </test-method> <!-- test1 -->
      </class> <!-- pack.com.AutomationTC1 -->
    </test> <!-- Default test -->
  </suite> <!-- Default suite -->
</testng-results>
