<?xml version="1.0" encoding="UTF-8"?>
<testng-results skipped="0" failed="0" ignored="0" total="3" passed="3">
  <reporter-output>
  </reporter-output>
  <suite name="Default suite" duration-ms="16" started-at="2017-08-08T09:14:36Z" finished-at="2017-08-08T09:14:36Z">
    <groups>
    </groups>
    <test name="Default test" duration-ms="16" started-at="2017-08-08T09:14:36Z" finished-at="2017-08-08T09:14:36Z">
      <class name="datadriventesting.ReadingData1">
        <test-method status="PASS" signature="setData(java.lang.String, java.lang.String)[pri:0, instance:datadriventesting.ReadingData1@32d992b2]" name="setData" duration-ms="0" started-at="2017-08-08T14:44:36Z" data-provider="getData" finished-at="2017-08-08T14:44:36Z">
          <params>
            <param index="0">
              <value>
                <![CDATA[guestuser3]]>
              </value>
            </param>
            <param index="1">
              <value>
                <![CDATA[pass123]]>
              </value>
            </param>
          </params>
          <reporter-output>
          </reporter-output>
        </test-method> <!-- setData -->
        <test-method status="PASS" signature="setData(java.lang.String, java.lang.String)[pri:0, instance:datadriventesting.ReadingData1@32d992b2]" name="setData" duration-ms="0" started-at="2017-08-08T14:44:36Z" data-provider="getData" finished-at="2017-08-08T14:44:36Z">
          <params>
            <param index="0">
              <value>
                <![CDATA[testuser2]]>
              </value>
            </param>
            <param index="1">
              <value>
                <![CDATA[zxcvb]]>
              </value>
            </param>
          </params>
          <reporter-output>
          </reporter-output>
        </test-method> <!-- setData -->
        <test-method status="PASS" signature="setData(java.lang.String, java.lang.String)[pri:0, instance:datadriventesting.ReadingData1@32d992b2]" name="setData" duration-ms="0" started-at="2017-08-08T14:44:36Z" data-provider="getData" finished-at="2017-08-08T14:44:36Z">
          <params>
            <param index="0">
              <value>
                <![CDATA[sampleuser1]]>
              </value>
            </param>
            <param index="1">
              <value>
                <![CDATA[abcdef]]>
              </value>
            </param>
          </params>
          <reporter-output>
          </reporter-output>
        </test-method> <!-- setData -->
      </class> <!-- datadriventesting.ReadingData1 -->
    </test> <!-- Default test -->
  </suite> <!-- Default suite -->
</testng-results>
